

*******************************************************************************
Mon Jan  6 22:28:56 2020


FIT:    data read from 'shield_block_data.dat' u 1:2
        format = x:z
        #datapoints = 11
        residuals are weighted equally (unit weight)

function used for fitting: f(x)
	f(x)=m*x+b
fitted parameters initialized with current variable values

iter      chisq       delta/lim  lambda   m             b            
   0 6.8811010786e+00   0.00e+00  7.75e-01    1.000000e+00   1.000000e+00
   4 5.7395458711e-05  -2.94e-06  7.75e-05    6.456235e-01   3.488879e-01

After 4 iterations the fit converged.
final sum of squares of residuals : 5.73955e-05
rel. change during last iteration : -2.9432e-11

degrees of freedom    (FIT_NDF)                        : 9
rms of residuals      (FIT_STDFIT) = sqrt(WSSR/ndf)    : 0.00252533
variance of residuals (reduced chisquare) = WSSR/ndf   : 6.37727e-06

Final set of parameters            Asymptotic Standard Error
=======================            ==========================
m               = 0.645623         +/- 0.003204     (0.4962%)
b               = 0.348888         +/- 0.001441     (0.413%)

correlation matrix of the fit parameters:
                m      b      
m               1.000 
b              -0.849  1.000 


*******************************************************************************
Mon Jan  6 22:30:07 2020


FIT:    data read from 'shield_block_data.dat' u 1:3
        format = x:z
        #datapoints = 11
        residuals are weighted equally (unit weight)

function used for fitting: f(x)
	f(x)=m*x+b
fitted parameters initialized with current variable values

iter      chisq       delta/lim  lambda   m             b            
   0 4.2260417101e+00   0.00e+00  3.21e-01    6.456235e-01   3.488879e-01
   4 7.2235838439e-08  -9.17e-05  3.21e-05    3.654826e-03  -6.751046e-03

After 4 iterations the fit converged.
final sum of squares of residuals : 7.22358e-08
rel. change during last iteration : -9.1727e-10

degrees of freedom    (FIT_NDF)                        : 9
rms of residuals      (FIT_STDFIT) = sqrt(WSSR/ndf)    : 8.95891e-05
variance of residuals (reduced chisquare) = WSSR/ndf   : 8.0262e-09

Final set of parameters            Asymptotic Standard Error
=======================            ==========================
m               = 0.00365483       +/- 0.0001137    (3.11%)
b               = -0.00675105      +/- 5.112e-05    (0.7571%)

correlation matrix of the fit parameters:
                m      b      
m               1.000 
b              -0.849  1.000 


*******************************************************************************
Mon Jan  6 22:31:29 2020


FIT:    data read from 'shield_block_data.dat' u 1:4
        format = x:z
        #datapoints = 11
        residuals are weighted equally (unit weight)

function used for fitting: f(x)
	f(x)=m*x+b
fitted parameters initialized with current variable values

iter      chisq       delta/lim  lambda   m             b            
   0 3.2742315780e-04   0.00e+00  4.91e-03    3.654826e-03  -6.751046e-03
   5 1.7440380395e-12  -1.39e-10  4.91e-08   -6.668617e-06   3.292802e-05

After 5 iterations the fit converged.
final sum of squares of residuals : 1.74404e-12
rel. change during last iteration : -1.38952e-15

degrees of freedom    (FIT_NDF)                        : 9
rms of residuals      (FIT_STDFIT) = sqrt(WSSR/ndf)    : 4.40207e-07
variance of residuals (reduced chisquare) = WSSR/ndf   : 1.93782e-13

Final set of parameters            Asymptotic Standard Error
=======================            ==========================
m               = -6.66862e-06     +/- 5.584e-07    (8.374%)
b               = 3.2928e-05       +/- 2.512e-07    (0.7628%)

correlation matrix of the fit parameters:
                m      b      
m               1.000 
b              -0.849  1.000 


*******************************************************************************
Tue Apr  7 02:57:08 2020


FIT:    data read from 'def_rating_vs_avoidance.dat'
        format = z
        #datapoints = 8
        residuals are weighted equally (unit weight)

function used for fitting: f(x)
	f(x)=m*x+b
fitted parameters initialized with current variable values

iter      chisq       delta/lim  lambda   m             b            
   0 5.5837147040e+05   0.00e+00  1.90e+02    1.000000e+00   1.000000e+00
   6 9.5748215919e-04  -3.71e-03  1.90e-04    1.689003e-02   7.849266e-01

After 6 iterations the fit converged.
final sum of squares of residuals : 0.000957482
rel. change during last iteration : -3.70965e-08

degrees of freedom    (FIT_NDF)                        : 6
rms of residuals      (FIT_STDFIT) = sqrt(WSSR/ndf)    : 0.0126325
variance of residuals (reduced chisquare) = WSSR/ndf   : 0.00015958

Final set of parameters            Asymptotic Standard Error
=======================            ==========================
m               = 0.01689          +/- 6.517e-05    (0.3859%)
b               = 0.784927         +/- 0.0175       (2.229%)

correlation matrix of the fit parameters:
                m      b      
m               1.000 
b              -0.967  1.000 


*******************************************************************************
Tue Apr  7 03:24:42 2020


FIT:    data read from 'dodge_rating_vs_avoidance.dat'
        format = z
        #datapoints = 5
        residuals are weighted equally (unit weight)

function used for fitting: f(x)
	f(x)=m*x+b
fitted parameters initialized with current variable values

iter      chisq       delta/lim  lambda   m             b            
   0 1.6928812600e+04   0.00e+00  4.27e+01    1.000000e+00   1.000000e+00
   6 2.2984484332e-05  -1.09e-05  4.27e-05    5.293124e-02  -4.598418e-03

After 6 iterations the fit converged.
final sum of squares of residuals : 2.29845e-05
rel. change during last iteration : -1.09029e-10

degrees of freedom    (FIT_NDF)                        : 3
rms of residuals      (FIT_STDFIT) = sqrt(WSSR/ndf)    : 0.00276794
variance of residuals (reduced chisquare) = WSSR/ndf   : 7.66149e-06

Final set of parameters            Asymptotic Standard Error
=======================            ==========================
m               = 0.0529312        +/- 7.634e-05    (0.1442%)
b               = -0.00459842      +/- 0.004612     (100.3%)

correlation matrix of the fit parameters:
                m      b      
m               1.000 
b              -0.963  1.000 


*******************************************************************************
Tue Apr  7 03:26:03 2020


FIT:    data read from 'dodge_rating_vs_avoidance.dat'
        format = z
        #datapoints = 5
        residuals are weighted equally (unit weight)

function used for fitting: f(x)
	f(x)=m*x
fitted parameters initialized with current variable values

iter      chisq       delta/lim  lambda   m            
   0 1.2871172531e-04   0.00e+00  3.20e+00    5.293124e-02
   3 3.0601062955e-05  -3.55e-02  3.20e-03    5.285793e-02

After 3 iterations the fit converged.
final sum of squares of residuals : 3.06011e-05
rel. change during last iteration : -3.54815e-07

degrees of freedom    (FIT_NDF)                        : 4
rms of residuals      (FIT_STDFIT) = sqrt(WSSR/ndf)    : 0.00276591
variance of residuals (reduced chisquare) = WSSR/ndf   : 7.65027e-06

Final set of parameters            Asymptotic Standard Error
=======================            ==========================
m               = 0.0528579        +/- 2.047e-05    (0.03873%)


*******************************************************************************
Tue Apr  7 03:27:35 2020


FIT:    data read from 'def_rating_vs_avoidance.dat'
        format = z
        #datapoints = 8
        residuals are weighted equally (unit weight)

function used for fitting: f(x)
	f(x)=m*x+20*0.04
fitted parameters initialized with current variable values

iter      chisq       delta/lim  lambda   m            
   0 5.5755433440e+05   0.00e+00  2.69e+02    1.000000e+00
   4 1.0758786643e-03  -1.56e-04  2.69e-02    1.683575e-02

After 4 iterations the fit converged.
final sum of squares of residuals : 0.00107588
rel. change during last iteration : -1.55809e-09

degrees of freedom    (FIT_NDF)                        : 7
rms of residuals      (FIT_STDFIT) = sqrt(WSSR/ndf)    : 0.0123975
variance of residuals (reduced chisquare) = WSSR/ndf   : 0.000153697

Final set of parameters            Asymptotic Standard Error
=======================            ==========================
m               = 0.0168358        +/- 1.632e-05    (0.09696%)


*******************************************************************************
Wed Apr  8 14:52:29 2020


FIT:    data read from 'def_rating_vs_avoidance.dat'
        format = z
        #datapoints = 8
        residuals are weighted equally (unit weight)

function used for fitting: f(x)
	f(x)=m*x
fitted parameters initialized with current variable values

iter      chisq       delta/lim  lambda   m            
   0 5.5429219040e+05   0.00e+00  2.69e+02    1.000000e+00
   4 3.2200989367e-01  -5.17e-07  2.69e-02    1.971641e-02

After 4 iterations the fit converged.
final sum of squares of residuals : 0.32201
rel. change during last iteration : -5.17289e-12

degrees of freedom    (FIT_NDF)                        : 7
rms of residuals      (FIT_STDFIT) = sqrt(WSSR/ndf)    : 0.214479
variance of residuals (reduced chisquare) = WSSR/ndf   : 0.0460014

Final set of parameters            Asymptotic Standard Error
=======================            ==========================
m               = 0.0197164        +/- 0.0002824    (1.432%)


*******************************************************************************
Wed Apr  8 14:56:46 2020


FIT:    data read from 'def_rating_vs_avoidance.dat'
        format = z
        #datapoints = 8
        residuals are weighted equally (unit weight)

function used for fitting: f(x)
	f(x)=m*x+b
fitted parameters initialized with current variable values

iter      chisq       delta/lim  lambda   m             b            
   0 7.5039655015e+00   0.00e+00  3.81e+00    1.971641e-02   1.000000e+00
   4 9.5748215919e-04  -6.98e-01  3.81e-04    1.689003e-02   7.849266e-01

After 4 iterations the fit converged.
final sum of squares of residuals : 0.000957482
rel. change during last iteration : -6.98394e-06

degrees of freedom    (FIT_NDF)                        : 6
rms of residuals      (FIT_STDFIT) = sqrt(WSSR/ndf)    : 0.0126325
variance of residuals (reduced chisquare) = WSSR/ndf   : 0.00015958

Final set of parameters            Asymptotic Standard Error
=======================            ==========================
m               = 0.01689          +/- 6.517e-05    (0.3859%)
b               = 0.784927         +/- 0.0175       (2.229%)

correlation matrix of the fit parameters:
                m      b      
m               1.000 
b              -0.967  1.000 
